<?xml version="1.0" encoding="UTF-8"?><testsuites failures="2" name="dependency-check" tests="1"><testsuite failures="0" errors="0" time="0" id="0" name="/src/digital-library-1.0.0.tgz/digital-library-1.0.0.tar/package/digital-library-1.0.0.tgz/digital-library-1.0.0.tar/package/digital-library-1.0.0.tgz" package="digital-library-1.0.0.tgz: digital-library-1.0.0.tar: digital-library-1.0.0.tgz: digital-library-1.0.0.tar: digital-library-1.0.0.tgz" skipped="0" tests="1" timestamp="2024-12-30T09:58:52.104108801"><testcase classname="dependency-check" name="digital-library-1.0.0.tgz: digital-library-1.0.0.tar: digital-library-1.0.0.tgz: digital-library-1.0.0.tar: digital-library-1.0.0.tgz"/></testsuite><testsuite failures="2" errors="0" time="0" id="1" name="/src/package-lock.json?path-to-regexp" package="path-to-regexp:0.1.10" skipped="0" tests="2" timestamp="2024-12-30T09:58:52.104108801"><testcase classname="CVE-2024-52798" name="pkg:npm/path-to-regexp@0.1.10"><failure message="cvssV2: HIGH, score: 8.699999809265137 (CVSS:4.0/AV:N/AC:L/AT:N/PR:N/UI:N/VC:N/VI:N/VA:H/SC:N/SI:N/SA:N)"/><system-out>path-to-regexp turns path strings into a regular expressions. In certain cases, path-to-regexp will output a regular expression that can be exploited to cause poor performance. The regular expression that is vulnerable to backtracking can be generated in the 0.1.x release of path-to-regexp. Upgrade to 0.1.12. This vulnerability exists because of an incomplete fix for CVE-2024-45296.</system-out><system-err>location: /src/package-lock.json?path-to-regexp, project-references: [ package-lock.json: transitive ]</system-err></testcase><testcase classname="GHSA-rhx6-c78j-4q9w" name="pkg:npm/path-to-regexp@0.1.10"><failure message="unscored severity: moderate"/><system-out>### Impact

The regular expression that is vulnerable to backtracking can be generated in the 0.1.x release of `path-to-regexp`, originally reported in CVE-2024-45296

### Patches

Upgrade to 0.1.12.

### Workarounds

Avoid using two parameters within a single path segment, when the separator is not `.` (e.g. no `/:a-:b`). Alternatively, you can define the regex used for both parameters and ensure they do not overlap to allow backtracking.

### References

- https://github.com/advisories/GHSA-9wv6-86v2-598j
- https://blakeembrey.com/posts/2024-09-web-redos/</system-out><system-err>location: /src/package-lock.json?path-to-regexp, project-references: [ package-lock.json: transitive ]</system-err></testcase></testsuite></testsuites>