<?xml version="1.0" encoding="UTF-8"?><testsuites failures="5" name="dependency-check" tests="292"><testsuite failures="0" errors="0" time="0" id="0" name="/src/package-lock.json?@apidevtools/swagger-parser:10.0.3/@apidevtools/json-schema-ref-parser:^9.0.6" package="@apidevtools/json-schema-ref-parser:9.1.2" skipped="0" tests="1" timestamp="2025-07-13T17:33:33.378636781"><testcase classname="dependency-check" name="@apidevtools/json-schema-ref-parser:9.1.2"/></testsuite><testsuite failures="0" errors="0" time="0" id="1" name="/src/package-lock.json?@apidevtools/swagger-parser:10.0.3/@apidevtools/openapi-schemas:^2.0.4" package="@apidevtools/openapi-schemas:2.1.0" skipped="0" tests="1" timestamp="2025-07-13T17:33:33.378636781"><testcase classname="dependency-check" name="@apidevtools/openapi-schemas:2.1.0"/></testsuite><testsuite failures="0" errors="0" time="0" id="2" name="/src/package-lock.json?@apidevtools/swagger-parser:10.0.3/@apidevtools/swagger-methods:^3.0.2" package="@apidevtools/swagger-methods:3.0.2" skipped="0" tests="1" timestamp="2025-07-13T17:33:33.378636781"><testcase classname="dependency-check" name="@apidevtools/swagger-methods:3.0.2"/></testsuite><testsuite failures="0" errors="0" time="0" id="3" name="/src/package-lock.json?swagger-parser:10.0.3/@apidevtools/swagger-parser:10.0.3" package="@apidevtools/swagger-parser:10.0.3" skipped="0" tests="1" timestamp="2025-07-13T17:33:33.378636781"><testcase classname="dependency-check" name="@apidevtools/swagger-parser:10.0.3"/></testsuite><testsuite failures="0" errors="0" time="0" id="4" name="/src/package-lock.json?/@jsdevtools/ono:7.1.3" package="@jsdevtools/ono:7.1.3" skipped="0" tests="1" timestamp="2025-07-13T17:33:33.378636781"><testcase classname="dependency-check" name="@jsdevtools/ono:7.1.3"/></testsuite><testsuite failures="0" errors="0" time="0" id="5" name="/src/package-lock.json?swagger-ui-dist:5.18.2/@scarf/scarf:=1.4.0" package="@scarf/scarf:1.4.0" skipped="0" tests="1" timestamp="2025-07-13T17:33:33.378636781"><testcase classname="dependency-check" name="@scarf/scarf:1.4.0"/></testsuite><testsuite failures="0" errors="0" time="0" id="6" name="/src/package-lock.json?@types/express:4.17.21/@types/body-parser:*" package="@types/body-parser:1.19.5" skipped="0" tests="1" timestamp="2025-07-13T17:33:33.378636781"><testcase classname="dependency-check" name="@types/body-parser:1.19.5"/></testsuite><testsuite failures="0" errors="0" time="0" id="7" name="/src/package-lock.json?/@types/connect:3.4.38" package="@types/connect:3.4.38" skipped="0" tests="1" timestamp="2025-07-13T17:33:33.378636781"><testcase classname="dependency-check" name="@types/connect:3.4.38"/></testsuite><testsuite failures="0" errors="0" time="0" id="8" name="/src/package-lock.json?/@types/express-serve-static-core:4.19.6" package="@types/express-serve-static-core:4.19.6" skipped="0" tests="1" timestamp="2025-07-13T17:33:33.378636781"><testcase classname="dependency-check" name="@types/express-serve-static-core:4.19.6"/></testsuite><testsuite failures="0" errors="0" time="0" id="9" name="/src/package-lock.json?@types/swagger-ui-express:4.1.7/@types/express:*" package="@types/express:4.17.21" skipped="0" tests="1" timestamp="2025-07-13T17:33:33.378636781"><testcase classname="dependency-check" name="@types/express:4.17.21"/></testsuite><testsuite failures="0" errors="0" time="0" id="10" name="/src/package-lock.json?@types/serve-static:1.15.7/@types/http-errors:*" package="@types/http-errors:2.0.4" skipped="0" tests="1" timestamp="2025-07-13T17:33:33.378636781"><testcase classname="dependency-check" name="@types/http-errors:2.0.4"/></testsuite><testsuite failures="0" errors="0" time="0" id="11" name="/src/package-lock.json?/@types/json-schema:7.0.15" package="@types/json-schema:7.0.15" skipped="0" tests="1" timestamp="2025-07-13T17:33:33.378636781"><testcase classname="dependency-check" name="@types/json-schema:7.0.15"/></testsuite><testsuite failures="0" errors="0" time="0" id="12" name="/src/package-lock.json?/@types/mime:1.3.5" package="@types/mime:1.3.5" skipped="0" tests="1" timestamp="2025-07-13T17:33:33.378636781"><testcase classname="dependency-check" name="@types/mime:1.3.5"/></testsuite><testsuite failures="0" errors="0" time="0" id="13" name="/src/package-lock.json?@types/serve-static:1.15.7/@types/node:*" package="@types/node:22.10.1" skipped="0" tests="1" timestamp="2025-07-13T17:33:33.378636781"><testcase classname="dependency-check" name="@types/node:22.10.1"/></testsuite><testsuite failures="0" errors="0" time="0" id="14" name="/src/package-lock.json?/@types/qs:6.9.17" package="@types/qs:6.9.17" skipped="0" tests="1" timestamp="2025-07-13T17:33:33.378636781"><testcase classname="dependency-check" name="@types/qs:6.9.17"/></testsuite><testsuite failures="0" errors="0" time="0" id="15" name="/src/package-lock.json?/@types/range-parser:1.2.7" package="@types/range-parser:1.2.7" skipped="0" tests="1" timestamp="2025-07-13T17:33:33.378636781"><testcase classname="dependency-check" name="@types/range-parser:1.2.7"/></testsuite><testsuite failures="0" errors="0" time="0" id="16" name="/src/package-lock.json?@types/serve-static:1.15.7/@types/send:*" package="@types/send:0.17.4" skipped="0" tests="1" timestamp="2025-07-13T17:33:33.378636781"><testcase classname="dependency-check" name="@types/send:0.17.4"/></testsuite><testsuite failures="0" errors="0" time="0" id="17" name="/src/package-lock.json?@types/swagger-ui-express:4.1.7/@types/serve-static:*" package="@types/serve-static:1.15.7" skipped="0" tests="1" timestamp="2025-07-13T17:33:33.378636781"><testcase classname="dependency-check" name="@types/serve-static:1.15.7"/></testsuite><testsuite failures="0" errors="0" time="0" id="18" name="/src/package-lock.json?/@types/swagger-jsdoc:6.0.4" package="@types/swagger-jsdoc:6.0.4" skipped="0" tests="1" timestamp="2025-07-13T17:33:33.378636781"><testcase classname="dependency-check" name="@types/swagger-jsdoc:6.0.4"/></testsuite><testsuite failures="0" errors="0" time="0" id="19" name="/src/package-lock.json?/@types/swagger-ui-express:4.1.7" package="@types/swagger-ui-express:4.1.7" skipped="0" tests="1" timestamp="2025-07-13T17:33:33.378636781"><testcase classname="dependency-check" name="@types/swagger-ui-express:4.1.7"/></testsuite><testsuite failures="0" errors="0" time="0" id="20" name="/src/node_modules/yaml/dist/Document-f89a2614.js" package="Document-f89a2614.js" skipped="0" tests="1" timestamp="2025-07-13T17:33:33.378636781"><testcase classname="dependency-check" name="Document-f89a2614.js"/></testsuite><testsuite failures="0" errors="0" time="0" id="21" name="/src/node_modules/get-intrinsic/test/GetIntrinsic.js" package="GetIntrinsic.js" skipped="0" tests="1" timestamp="2025-07-13T17:33:33.378636781"><testcase classname="dependency-check" name="GetIntrinsic.js"/></testsuite><testsuite failures="0" errors="0" time="0" id="22" name="/src/node_modules/reflect-metadata/Reflect.js" package="Reflect.js" skipped="0" tests="1" timestamp="2025-07-13T17:33:33.378636781"><testcase classname="dependency-check" name="Reflect.js"/></testsuite><testsuite failures="0" errors="0" time="0" id="23" name="/src/node_modules/reflect-metadata/ReflectLite.js" package="ReflectLite.js" skipped="0" tests="1" timestamp="2025-07-13T17:33:33.378636781"><testcase classname="dependency-check" name="ReflectLite.js"/></testsuite><testsuite failures="0" errors="0" time="0" id="24" name="/src/node_modules/reflect-metadata/ReflectNoConflict.js" package="ReflectNoConflict.js" skipped="0" tests="1" timestamp="2025-07-13T17:33:33.378636781"><testcase classname="dependency-check" name="ReflectNoConflict.js"/></testsuite><testsuite failures="0" errors="0" time="0" id="25" name="/src/node_modules/yaml/dist/_rollupPluginBabelHelpers-eed30217.js" package="_rollupPluginBabelHelpers-eed30217.js" skipped="0" tests="1" timestamp="2025-07-13T17:33:33.378636781"><testcase classname="dependency-check" name="_rollupPluginBabelHelpers-eed30217.js"/></testsuite><testsuite failures="0" errors="0" time="0" id="26" name="/src/node_modules/typescript/lib/_tsc.js" package="_tsc.js" skipped="0" tests="1" timestamp="2025-07-13T17:33:33.378636781"><testcase classname="dependency-check" name="_tsc.js"/></testsuite><testsuite failures="0" errors="0" time="0" id="27" name="/src/package-lock.json?express:4.21.1/accepts:~1.3.8" package="accepts:1.3.8" skipped="0" tests="1" timestamp="2025-07-13T17:33:33.378636781"><testcase classname="dependency-check" name="accepts:1.3.8"/></testsuite><testsuite failures="0" errors="0" time="0" id="28" name="/src/node_modules/has-proto/accessor.js" package="accessor.js" skipped="0" tests="1" timestamp="2025-07-13T17:33:33.378636781"><testcase classname="dependency-check" name="accessor.js"/></testsuite><testsuite failures="0" errors="0" time="0" id="29" name="/src/node_modules/has-proto/test/accessor.js" package="accessor.js" skipped="0" tests="1" timestamp="2025-07-13T17:33:33.378636781"><testcase classname="dependency-check" name="accessor.js"/></testsuite><testsuite failures="0" errors="0" time="0" id="30" name="/src/node_modules/validator/es/lib/util/algorithms.js" package="algorithms.js" skipped="0" tests="1" timestamp="2025-07-13T17:33:33.378636781"><testcase classname="dependency-check" name="algorithms.js"/></testsuite><testsuite failures="0" errors="0" time="0" id="31" name="/src/node_modules/validator/lib/util/algorithms.js" package="algorithms.js" skipped="0" tests="1" timestamp="2025-07-13T17:33:33.378636781"><testcase classname="dependency-check" name="algorithms.js"/></testsuite><testsuite failures="0" errors="0" time="0" id="32" name="/src/node_modules/object-inspect/example/all.js" package="all.js" skipped="0" tests="1" timestamp="2025-07-13T17:33:33.378636781"><testcase classname="dependency-check" name="all.js"/></testsuite><testsuite failures="0" errors="0" time="0" id="33" name="/src/node_modules/express/lib/application.js" package="application.js" skipped="0" tests="1" timestamp="2025-07-13T17:33:33.378636781"><testcase classname="dependency-check" name="application.js"/></testsuite><testsuite failures="0" errors="0" time="0" id="34" name="/src/node_modules/argparse/argparse.js" package="argparse.js" skipped="0" tests="1" timestamp="2025-07-13T17:33:33.378636781"><testcase classname="dependency-check" name="argparse.js"/></testsuite><testsuite failures="0" errors="0" time="0" id="35" name="/src/package-lock.json?js-yaml:4.1.0/argparse:^2.0.1" package="argparse:2.0.1" skipped="0" tests="1" timestamp="2025-07-13T17:33:33.378636781"><testcase classname="dependency-check" name="argparse:2.0.1"/></testsuite><testsuite failures="0" errors="0" time="0" id="36" name="/src/node_modules/array-flatten/array-flatten.js" package="array-flatten.js" skipped="0" tests="1" timestamp="2025-07-13T17:33:33.378636781"><testcase classname="dependency-check" name="array-flatten.js"/></testsuite><testsuite failures="0" errors="0" time="0" id="37" name="/src/package-lock.json?express:4.21.1/array-flatten:1.1.1" package="array-flatten:1.1.1" skipped="0" tests="1" timestamp="2025-07-13T17:33:33.378636781"><testcase classname="dependency-check" name="array-flatten:1.1.1"/></testsuite><testsuite failures="0" errors="0" time="0" id="38" name="/src/node_modules/esutils/lib/ast.js" package="ast.js" skipped="0" tests="1" timestamp="2025-07-13T17:33:33.378636781"><testcase classname="dependency-check" name="ast.js"/></testsuite><testsuite failures="0" errors="0" time="0" id="39" name="/src/package-lock.json?brace-expansion:1.1.11/balanced-match:^1.0.0" package="balanced-match:1.0.2" skipped="0" tests="1" timestamp="2025-07-13T17:33:33.378636781"><testcase classname="dependency-check" name="balanced-match:1.0.2"/></testsuite><testsuite failures="0" errors="0" time="0" id="40" name="/src/node_modules/object-inspect/test/bigint.js" package="bigint.js" skipped="0" tests="1" timestamp="2025-07-13T17:33:33.378636781"><testcase classname="dependency-check" name="bigint.js"/></testsuite><testsuite failures="0" errors="0" time="0" id="41" name="/src/node_modules/@apidevtools/json-schema-ref-parser/lib/parsers/binary.js" package="binary.js" skipped="0" tests="1" timestamp="2025-07-13T17:33:33.378636781"><testcase classname="dependency-check" name="binary.js"/></testsuite><testsuite failures="0" errors="0" time="0" id="42" name="/src/node_modules/js-yaml/lib/type/binary.js" package="binary.js" skipped="0" tests="1" timestamp="2025-07-13T17:33:33.378636781"><testcase classname="dependency-check" name="binary.js"/></testsuite><testsuite failures="0" errors="0" time="0" id="43" name="/src/package-lock.json?express:4.21.1/body-parser:1.20.3" package="body-parser:1.20.3" skipped="0" tests="1" timestamp="2025-07-13T17:33:33.378636781"><testcase classname="dependency-check" name="body-parser:1.20.3"/></testsuite><testsuite failures="0" errors="0" time="0" id="44" name="/src/node_modules/js-yaml/lib/type/bool.js" package="bool.js" skipped="0" tests="1" timestamp="2025-07-13T17:33:33.378636781"><testcase classname="dependency-check" name="bool.js"/></testsuite><testsuite failures="2" errors="0" time="0" id="45" name="/src/package-lock.json?minimatch:3.1.2/brace-expansion:^1.1.7" package="brace-expansion:1.1.11" skipped="0" tests="2" timestamp="2025-07-13T17:33:33.378636781"><testcase classname="CVE-2025-5889" name="pkg:npm/brace-expansion@1.1.11"><failure message="cvssV2: MEDIUM, score: 6.0 (CVSS:4.0/AV:N/AC:H/AT:N/PR:L/UI:N/VC:N/VI:N/VA:H/SC:N/SI:N/SA:N)"/><system-out>A vulnerability was found in juliangruber brace-expansion up to 1.1.11/2.0.1/3.0.0/4.0.0. It has been rated as problematic. Affected by this issue is the function expand of the file index.js. The manipulation leads to inefficient regular expression complexity. The attack may be launched remotely. The complexity of an attack is rather high. The exploitation is known to be difficult. The exploit has been disclosed to the public and may be used. Upgrading to version 1.1.12, 2.0.2, 3.0.1 and 4.0.1 is able to address this issue. The name of the patch is a5b98a4f30d7813266b221435e1eaaf25a1b0ac5. It is recommended to upgrade the affected component.</system-out><system-err>location: /src/package-lock.json?minimatch:3.1.2/brace-expansion:^1.1.7, project-references: [ digital-library:1.0.0/minimatch:3.1.2, digital-library:1.0.0 ]</system-err></testcase><testcase classname="GHSA-v6h2-p8h4-qcjw" name="pkg:npm/brace-expansion@1.1.11"><failure message="cvssV3: LOW, score: 3.0999999046325684 (CVSS:3.1/AV:N/AC:H/PR:L/UI:N/S:U/C:N/I:N/A:L)"/><system-out>A vulnerability was found in juliangruber brace-expansion up to 1.1.11/2.0.1/3.0.0/4.0.0. It has been rated as problematic. Affected by this issue is the function expand of the file index.js. The manipulation leads to inefficient regular expression complexity. The attack may be launched remotely. The complexity of an attack is rather high. The exploitation is known to be difficult. The exploit has been disclosed to the public and may be used. Upgrading to version 1.1.12, 2.0.2, 3.0.1 and 4.0.1 is able to address this issue. The name of the patch is `a5b98a4f30d7813266b221435e1eaaf25a1b0ac5`. It is recommended to upgrade the affected component.</system-out><system-err>location: /src/package-lock.json?minimatch:3.1.2/brace-expansion:^1.1.7, project-references: [ digital-library:1.0.0/minimatch:3.1.2, digital-library:1.0.0 ]</system-err></testcase></testsuite><testsuite failures="0" errors="0" time="0" id="46" name="/src/node_modules/mime/src/build.js" package="build.js" skipped="0" tests="1" timestamp="2025-07-13T17:33:33.378636781"><testcase classname="dependency-check" name="build.js"/></testsuite><testsuite failures="0" errors="0" time="0" id="47" name="/src/node_modules/@apidevtools/json-schema-ref-parser/lib/bundle.js" package="bundle.js" skipped="0" tests="1" timestamp="2025-07-13T17:33:33.378636781"><testcase classname="dependency-check" name="bundle.js"/></testsuite><testsuite failures="0" errors="0" time="0" id="48" name="/src/package-lock.json?raw-body:2.5.2/bytes:3.1.2" package="bytes:3.1.2" skipped="0" tests="1" timestamp="2025-07-13T17:33:33.378636781"><testcase classname="dependency-check" name="bytes:3.1.2"/></testsuite><testsuite failures="0" errors="0" time="0" id="49" name="/src/package-lock.json?side-channel:1.0.6/call-bind:^1.0.7" package="call-bind:1.0.7" skipped="0" tests="1" timestamp="2025-07-13T17:33:33.378636781"><testcase classname="dependency-check" name="call-bind:1.0.7"/></testsuite><testsuite failures="0" errors="0" time="0" id="50" name="/src/package-lock.json?/call-me-maybe:1.0.2" package="call-me-maybe:1.0.2" skipped="0" tests="1" timestamp="2025-07-13T17:33:33.378636781"><testcase classname="dependency-check" name="call-me-maybe:1.0.2"/></testsuite><testsuite failures="0" errors="0" time="0" id="51" name="/src/node_modules/negotiator/lib/charset.js" package="charset.js" skipped="0" tests="1" timestamp="2025-07-13T17:33:33.378636781"><testcase classname="dependency-check" name="charset.js"/></testsuite><testsuite failures="0" errors="0" time="0" id="52" name="/src/node_modules/object-inspect/example/circular.js" package="circular.js" skipped="0" tests="1" timestamp="2025-07-13T17:33:33.378636781"><testcase classname="dependency-check" name="circular.js"/></testsuite><testsuite failures="0" errors="0" time="0" id="53" name="/src/node_modules/object-inspect/test/circular.js" package="circular.js" skipped="0" tests="1" timestamp="2025-07-13T17:33:33.378636781"><testcase classname="dependency-check" name="circular.js"/></testsuite><testsuite failures="0" errors="0" time="0" id="54" name="/src/node_modules/mime/cli.js" package="cli.js" skipped="0" tests="1" timestamp="2025-07-13T17:33:33.378636781"><testcase classname="dependency-check" name="cli.js"/></testsuite><testsuite failures="0" errors="0" time="0" id="55" name="/src/node_modules/esutils/lib/code.js" package="code.js" skipped="0" tests="1" timestamp="2025-07-13T17:33:33.378636781"><testcase classname="dependency-check" name="code.js"/></testsuite><testsuite failures="0" errors="0" time="0" id="56" name="/src/package-lock.json?swagger-jsdoc:6.2.8/commander:6.2.0" package="commander:6.2.0" skipped="0" tests="1" timestamp="2025-07-13T17:33:33.378636781"><testcase classname="dependency-check" name="commander:6.2.0"/></testsuite><testsuite failures="0" errors="0" time="0" id="57" name="/src/package-lock.json?/commander:9.5.0" package="commander:9.5.0" skipped="0" tests="1" timestamp="2025-07-13T17:33:33.378636781"><testcase classname="dependency-check" name="commander:9.5.0"/></testsuite><testsuite failures="0" errors="0" time="0" id="58" name="/src/node_modules/glob/common.js" package="common.js" skipped="0" tests="1" timestamp="2025-07-13T17:33:33.378636781"><testcase classname="dependency-check" name="common.js"/></testsuite><testsuite failures="0" errors="0" time="0" id="59" name="/src/node_modules/js-yaml/lib/common.js" package="common.js" skipped="0" tests="1" timestamp="2025-07-13T17:33:33.378636781"><testcase classname="dependency-check" name="common.js"/></testsuite><testsuite failures="0" errors="0" time="0" id="60" name="/src/package-lock.json?/concat-map:0.0.1" package="concat-map:0.0.1" skipped="0" tests="1" timestamp="2025-07-13T17:33:33.378636781"><testcase classname="dependency-check" name="concat-map:0.0.1"/></testsuite><testsuite failures="0" errors="0" time="0" id="61" name="/src/node_modules/@jsdevtools/ono/cjs/constructor.js" package="constructor.js" skipped="0" tests="1" timestamp="2025-07-13T17:33:33.378636781"><testcase classname="dependency-check" name="constructor.js"/></testsuite><testsuite failures="0" errors="0" time="0" id="62" name="/src/node_modules/@jsdevtools/ono/esm/constructor.js" package="constructor.js" skipped="0" tests="1" timestamp="2025-07-13T17:33:33.378636781"><testcase classname="dependency-check" name="constructor.js"/></testsuite><testsuite failures="0" errors="0" time="0" id="63" name="/src/package-lock.json?express:4.21.1/content-disposition:0.5.4" package="content-disposition:0.5.4" skipped="0" tests="1" timestamp="2025-07-13T17:33:33.378636781"><testcase classname="dependency-check" name="content-disposition:0.5.4"/></testsuite><testsuite failures="0" errors="0" time="0" id="64" name="/src/package-lock.json?express:4.21.1/content-type:~1.0.4" package="content-type:1.0.5" skipped="0" tests="1" timestamp="2025-07-13T17:33:33.378636781"><testcase classname="dependency-check" name="content-type:1.0.5"/></testsuite><testsuite failures="0" errors="0" time="0" id="65" name="/src/package-lock.json?express:4.21.1/cookie-signature:1.0.6" package="cookie-signature:1.0.6" skipped="0" tests="1" timestamp="2025-07-13T17:33:33.378636781"><testcase classname="dependency-check" name="cookie-signature:1.0.6"/></testsuite><testsuite failures="0" errors="0" time="0" id="66" name="/src/package-lock.json?express:4.21.1/cookie:0.7.1" package="cookie:0.7.1" skipped="0" tests="1" timestamp="2025-07-13T17:33:33.378636781"><testcase classname="dependency-check" name="cookie:0.7.1"/></testsuite><testsuite failures="0" errors="0" time="0" id="67" name="/src/node_modules/has-symbols/test/shams/core-js.js" package="core-js.js" skipped="0" tests="1" timestamp="2025-07-13T17:33:33.378636781"><testcase classname="dependency-check" name="core-js.js"/></testsuite><testsuite failures="0" errors="0" time="0" id="68" name="/src/node_modules/js-yaml/lib/schema/core.js" package="core.js" skipped="0" tests="1" timestamp="2025-07-13T17:33:33.378636781"><testcase classname="dependency-check" name="core.js"/></testsuite><testsuite failures="0" errors="0" time="0" id="69" name="/src/node_modules/safer-buffer/dangerous.js" package="dangerous.js" skipped="0" tests="1" timestamp="2025-07-13T17:33:33.378636781"><testcase classname="dependency-check" name="dangerous.js"/></testsuite><testsuite failures="0" errors="0" time="0" id="70" name="/src/node_modules/iconv-lite/encodings/dbcs-codec.js" package="dbcs-codec.js" skipped="0" tests="1" timestamp="2025-07-13T17:33:33.378636781"><testcase classname="dependency-check" name="dbcs-codec.js"/></testsuite><testsuite failures="0" errors="0" time="0" id="71" name="/src/package-lock.json?send:0.19.0/debug:2.6.9" package="debug:2.6.9" skipped="0" tests="1" timestamp="2025-07-13T17:33:33.378636781"><testcase classname="dependency-check" name="debug:2.6.9"/></testsuite><testsuite failures="0" errors="0" time="0" id="72" name="/src/node_modules/object-inspect/test/deep.js" package="deep.js" skipped="0" tests="1" timestamp="2025-07-13T17:33:33.378636781"><testcase classname="dependency-check" name="deep.js"/></testsuite><testsuite failures="0" errors="0" time="0" id="73" name="/src/node_modules/js-yaml/lib/schema/default.js" package="default.js" skipped="0" tests="1" timestamp="2025-07-13T17:33:33.378636781"><testcase classname="dependency-check" name="default.js"/></testsuite><testsuite failures="0" errors="0" time="0" id="74" name="/src/package-lock.json?set-function-length:1.2.2/define-data-property:^1.1.4" package="define-data-property:1.1.4" skipped="0" tests="1" timestamp="2025-07-13T17:33:33.378636781"><testcase classname="dependency-check" name="define-data-property:1.1.4"/></testsuite><testsuite failures="0" errors="0" time="0" id="75" name="/src/package-lock.json?send:0.19.0/depd:2.0.0" package="depd:2.0.0" skipped="0" tests="1" timestamp="2025-07-13T17:33:33.378636781"><testcase classname="dependency-check" name="depd:2.0.0"/></testsuite><testsuite failures="0" errors="0" time="0" id="76" name="/src/node_modules/@apidevtools/json-schema-ref-parser/lib/dereference.js" package="dereference.js" skipped="0" tests="1" timestamp="2025-07-13T17:33:33.378636781"><testcase classname="dependency-check" name="dereference.js"/></testsuite><testsuite failures="0" errors="0" time="0" id="77" name="/src/package-lock.json?send:0.19.0/destroy:1.2.0" package="destroy:1.2.0" skipped="0" tests="1" timestamp="2025-07-13T17:33:33.378636781"><testcase classname="dependency-check" name="destroy:1.2.0"/></testsuite><testsuite failures="0" errors="0" time="0" id="78" name="/src/node_modules/doctrine/lib/doctrine.js" package="doctrine.js" skipped="0" tests="1" timestamp="2025-07-13T17:33:33.378636781"><testcase classname="dependency-check" name="doctrine.js"/></testsuite><testsuite failures="0" errors="0" time="0" id="79" name="/src/package-lock.json?swagger-jsdoc:6.2.8/doctrine:3.0.0" package="doctrine:3.0.0" skipped="0" tests="1" timestamp="2025-07-13T17:33:33.378636781"><testcase classname="dependency-check" name="doctrine:3.0.0"/></testsuite><testsuite failures="0" errors="0" time="0" id="80" name="/src/node_modules/object-inspect/test/browser/dom.js" package="dom.js" skipped="0" tests="1" timestamp="2025-07-13T17:33:33.378636781"><testcase classname="dependency-check" name="dom.js"/></testsuite><testsuite failures="0" errors="0" time="0" id="81" name="/src/node_modules/js-yaml/lib/dumper.js" package="dumper.js" skipped="0" tests="1" timestamp="2025-07-13T17:33:33.378636781"><testcase classname="dependency-check" name="dumper.js"/></testsuite><testsuite failures="0" errors="0" time="0" id="82" name="/src/package-lock.json?on-finished:2.4.1/ee-first:1.1.1" package="ee-first:1.1.1" skipped="0" tests="1" timestamp="2025-07-13T17:33:33.378636781"><testcase classname="dependency-check" name="ee-first:1.1.1"/></testsuite><testsuite failures="0" errors="0" time="0" id="83" name="/src/node_modules/object-inspect/test/element.js" package="element.js" skipped="0" tests="1" timestamp="2025-07-13T17:33:33.378636781"><testcase classname="dependency-check" name="element.js"/></testsuite><testsuite failures="0" errors="0" time="0" id="84" name="/src/node_modules/qs/test/empty-keys-cases.js" package="empty-keys-cases.js" skipped="0" tests="1" timestamp="2025-07-13T17:33:33.378636781"><testcase classname="dependency-check" name="empty-keys-cases.js"/></testsuite><testsuite failures="0" errors="0" time="0" id="85" name="/src/package-lock.json?/encodeurl:1.0.2" package="encodeurl:1.0.2" skipped="0" tests="1" timestamp="2025-07-13T17:33:33.378636781"><testcase classname="dependency-check" name="encodeurl:1.0.2"/></testsuite><testsuite failures="0" errors="0" time="0" id="86" name="/src/package-lock.json?serve-static:1.16.2/encodeurl:~2.0.0" package="encodeurl:2.0.0" skipped="0" tests="1" timestamp="2025-07-13T17:33:33.378636781"><testcase classname="dependency-check" name="encodeurl:2.0.0"/></testsuite><testsuite failures="0" errors="0" time="0" id="87" name="/src/node_modules/negotiator/lib/encoding.js" package="encoding.js" skipped="0" tests="1" timestamp="2025-07-13T17:33:33.378636781"><testcase classname="dependency-check" name="encoding.js"/></testsuite><testsuite failures="0" errors="0" time="0" id="88" name="/src/node_modules/set-function-length/env.js" package="env.js" skipped="0" tests="1" timestamp="2025-07-13T17:33:33.378636781"><testcase classname="dependency-check" name="env.js"/></testsuite><testsuite failures="0" errors="0" time="0" id="89" name="/src/node_modules/object-inspect/test/err.js" package="err.js" skipped="0" tests="1" timestamp="2025-07-13T17:33:33.378636781"><testcase classname="dependency-check" name="err.js"/></testsuite><testsuite failures="0" errors="0" time="0" id="90" name="/src/node_modules/yaml/browser/dist/errors-2634d01a.js" package="errors-2634d01a.js" skipped="0" tests="1" timestamp="2025-07-13T17:33:33.378636781"><testcase classname="dependency-check" name="errors-2634d01a.js"/></testsuite><testsuite failures="0" errors="0" time="0" id="91" name="/src/node_modules/@apidevtools/json-schema-ref-parser/lib/util/errors.js" package="errors.js" skipped="0" tests="1" timestamp="2025-07-13T17:33:33.378636781"><testcase classname="dependency-check" name="errors.js"/></testsuite><testsuite failures="0" errors="0" time="0" id="92" name="/src/package-lock.json?has-property-descriptors:1.0.2/es-define-property:^1.0.0" package="es-define-property:1.0.0" skipped="0" tests="1" timestamp="2025-07-13T17:33:33.378636781"><testcase classname="dependency-check" name="es-define-property:1.0.0"/></testsuite><testsuite failures="0" errors="0" time="0" id="93" name="/src/package-lock.json?side-channel:1.0.6/es-errors:^1.3.0" package="es-errors:1.3.0" skipped="0" tests="1" timestamp="2025-07-13T17:33:33.378636781"><testcase classname="dependency-check" name="es-errors:1.3.0"/></testsuite><testsuite failures="0" errors="0" time="0" id="94" name="/src/package-lock.json?serve-static:1.16.2/escape-html:~1.0.3" package="escape-html:1.0.3" skipped="0" tests="1" timestamp="2025-07-13T17:33:33.378636781"><testcase classname="dependency-check" name="escape-html:1.0.3"/></testsuite><testsuite failures="0" errors="0" time="0" id="95" name="/src/package-lock.json?/esutils:2.0.3" package="esutils:2.0.3" skipped="0" tests="1" timestamp="2025-07-13T17:33:33.378636781"><testcase classname="dependency-check" name="esutils:2.0.3"/></testsuite><testsuite failures="0" errors="0" time="0" id="96" name="/src/package-lock.json?send:0.19.0/etag:~1.8.1" package="etag:1.8.1" skipped="0" tests="1" timestamp="2025-07-13T17:33:33.378636781"><testcase classname="dependency-check" name="etag:1.8.1"/></testsuite><testsuite failures="0" errors="0" time="0" id="97" name="/src/node_modules/es-errors/eval.js" package="eval.js" skipped="0" tests="1" timestamp="2025-07-13T17:33:33.378636781"><testcase classname="dependency-check" name="eval.js"/></testsuite><testsuite failures="0" errors="0" time="0" id="98" name="/src/node_modules/express/lib/express.js" package="express.js" skipped="0" tests="1" timestamp="2025-07-13T17:33:33.378636781"><testcase classname="dependency-check" name="express.js"/></testsuite><testsuite failures="1" errors="0" time="0" id="99" name="/src/package-lock.json?/express:4.21.1" package="express:4.21.1" skipped="0" tests="1" timestamp="2025-07-13T17:33:33.378636781"><testcase classname="CVE-2024-10491" name="pkg:npm/express@4.21.1"><failure message="cvssV3: MEDIUM, score: 5.300000190734863 (CVSS:3.1/AV:N/AC:L/PR:N/UI:N/S:U/C:N/I:L/A:N)"/><system-out>A vulnerability has been identified in the Express response.links function, allowing for arbitrary resource injection in the Link header when unsanitized data is used.

The issue arises from improper sanitization in `Link` header values, which can allow a combination of characters like `,`, `;`, and `&lt;&gt;` to preload malicious resources.

This vulnerability is especially relevant for dynamic parameters.

Sonatype&apos;s research suggests that this CVE&apos;s details differ from those defined at NVD. See https://ossindex.sonatype.org/vulnerability/CVE-2024-10491 for details</system-out><system-err>location: /src/package-lock.json?/express:4.21.1, project-references: [ digital-library:1.0.0 ]</system-err></testcase></testsuite><testsuite failures="0" errors="0" time="0" id="100" name="/src/node_modules/object-inspect/test/fakes.js" package="fakes.js" skipped="0" tests="1" timestamp="2025-07-13T17:33:33.378636781"><testcase classname="dependency-check" name="fakes.js"/></testsuite><testsuite failures="0" errors="0" time="0" id="101" name="/src/node_modules/@apidevtools/json-schema-ref-parser/lib/resolvers/file.js" package="file.js" skipped="0" tests="1" timestamp="2025-07-13T17:33:33.378636781"><testcase classname="dependency-check" name="file.js"/></testsuite><testsuite failures="0" errors="0" time="0" id="102" name="/src/package-lock.json?/finalhandler:1.3.1" package="finalhandler:1.3.1" skipped="0" tests="1" timestamp="2025-07-13T17:33:33.378636781"><testcase classname="dependency-check" name="finalhandler:1.3.1"/></testsuite><testsuite failures="0" errors="0" time="0" id="103" name="/src/node_modules/object-inspect/example/fn.js" package="fn.js" skipped="0" tests="1" timestamp="2025-07-13T17:33:33.378636781"><testcase classname="dependency-check" name="fn.js"/></testsuite><testsuite failures="0" errors="0" time="0" id="104" name="/src/node_modules/object-inspect/test/fn.js" package="fn.js" skipped="0" tests="1" timestamp="2025-07-13T17:33:33.378636781"><testcase classname="dependency-check" name="fn.js"/></testsuite><testsuite failures="0" errors="0" time="0" id="105" name="/src/package-lock.json?proxy-addr:2.0.7/forwarded:0.2.0" package="forwarded:0.2.0" skipped="0" tests="1" timestamp="2025-07-13T17:33:33.378636781"><testcase classname="dependency-check" name="forwarded:0.2.0"/></testsuite><testsuite failures="0" errors="0" time="0" id="106" name="/src/package-lock.json?send:0.19.0/fresh:0.5.2" package="fresh:0.5.2" skipped="0" tests="1" timestamp="2025-07-13T17:33:33.378636781"><testcase classname="dependency-check" name="fresh:0.5.2"/></testsuite><testsuite failures="0" errors="0" time="0" id="107" name="/src/package-lock.json?glob:7.1.6/fs.realpath:^1.0.0" package="fs.realpath:1.0.0" skipped="0" tests="1" timestamp="2025-07-13T17:33:33.378636781"><testcase classname="dependency-check" name="fs.realpath:1.0.0"/></testsuite><testsuite failures="0" errors="0" time="0" id="108" name="/src/package-lock.json?set-function-length:1.2.2/function-bind:^1.1.2" package="function-bind:1.1.2" skipped="0" tests="1" timestamp="2025-07-13T17:33:33.378636781"><testcase classname="dependency-check" name="function-bind:1.1.2"/></testsuite><testsuite failures="0" errors="0" time="0" id="109" name="/src/package-lock.json?side-channel:1.0.6/get-intrinsic:^1.2.4" package="get-intrinsic:1.2.4" skipped="0" tests="1" timestamp="2025-07-13T17:33:33.378636781"><testcase classname="dependency-check" name="get-intrinsic:1.2.4"/></testsuite><testsuite failures="0" errors="0" time="0" id="110" name="/src/node_modules/has-symbols/test/shams/get-own-property-symbols.js" package="get-own-property-symbols.js" skipped="0" tests="1" timestamp="2025-07-13T17:33:33.378636781"><testcase classname="dependency-check" name="get-own-property-symbols.js"/></testsuite><testsuite failures="0" errors="0" time="0" id="111" name="/src/node_modules/has-proto/helpers/getDunder.js" package="getDunder.js" skipped="0" tests="1" timestamp="2025-07-13T17:33:33.378636781"><testcase classname="dependency-check" name="getDunder.js"/></testsuite><testsuite failures="0" errors="0" time="0" id="112" name="/src/node_modules/glob/glob.js" package="glob.js" skipped="0" tests="1" timestamp="2025-07-13T17:33:33.378636781"><testcase classname="dependency-check" name="glob.js"/></testsuite><testsuite failures="0" errors="0" time="0" id="113" name="/src/package-lock.json?swagger-jsdoc:6.2.8/glob:7.1.6" package="glob:7.1.6" skipped="0" tests="1" timestamp="2025-07-13T17:33:33.378636781"><testcase classname="dependency-check" name="glob:7.1.6"/></testsuite><testsuite failures="0" errors="0" time="0" id="114" name="/src/node_modules/object-inspect/test/global.js" package="global.js" skipped="0" tests="1" timestamp="2025-07-13T17:33:33.378636781"><testcase classname="dependency-check" name="global.js"/></testsuite><testsuite failures="0" errors="0" time="0" id="115" name="/src/package-lock.json?set-function-length:1.2.2/gopd:^1.0.1" package="gopd:1.1.0" skipped="0" tests="1" timestamp="2025-07-13T17:33:33.378636781"><testcase classname="dependency-check" name="gopd:1.1.0"/></testsuite><testsuite failures="0" errors="0" time="0" id="116" name="/src/package-lock.json?set-function-length:1.2.2/has-property-descriptors:^1.0.2" package="has-property-descriptors:1.0.2" skipped="0" tests="1" timestamp="2025-07-13T17:33:33.378636781"><testcase classname="dependency-check" name="has-property-descriptors:1.0.2"/></testsuite><testsuite failures="0" errors="0" time="0" id="117" name="/src/package-lock.json?/has-proto:1.1.0" package="has-proto:1.1.0" skipped="0" tests="1" timestamp="2025-07-13T17:33:33.378636781"><testcase classname="dependency-check" name="has-proto:1.1.0"/></testsuite><testsuite failures="0" errors="0" time="0" id="118" name="/src/package-lock.json?/has-symbols:1.1.0" package="has-symbols:1.1.0" skipped="0" tests="1" timestamp="2025-07-13T17:33:33.378636781"><testcase classname="dependency-check" name="has-symbols:1.1.0"/></testsuite><testsuite failures="0" errors="0" time="0" id="119" name="/src/node_modules/object-inspect/test/has.js" package="has.js" skipped="0" tests="1" timestamp="2025-07-13T17:33:33.378636781"><testcase classname="dependency-check" name="has.js"/></testsuite><testsuite failures="0" errors="0" time="0" id="120" name="/src/package-lock.json?/hasown:2.0.2" package="hasown:2.0.2" skipped="0" tests="1" timestamp="2025-07-13T17:33:33.378636781"><testcase classname="dependency-check" name="hasown:2.0.2"/></testsuite><testsuite failures="0" errors="0" time="0" id="121" name="/src/node_modules/object-inspect/test/holes.js" package="holes.js" skipped="0" tests="1" timestamp="2025-07-13T17:33:33.378636781"><testcase classname="dependency-check" name="holes.js"/></testsuite><testsuite failures="0" errors="0" time="0" id="122" name="/src/package-lock.json?send:0.19.0/http-errors:2.0.0" package="http-errors:2.0.0" skipped="0" tests="1" timestamp="2025-07-13T17:33:33.378636781"><testcase classname="dependency-check" name="http-errors:2.0.0"/></testsuite><testsuite failures="0" errors="0" time="0" id="123" name="/src/package-lock.json?raw-body:2.5.2/iconv-lite:0.4.24" package="iconv-lite:0.4.24" skipped="0" tests="1" timestamp="2025-07-13T17:33:33.378636781"><testcase classname="dependency-check" name="iconv-lite:0.4.24"/></testsuite><testsuite failures="0" errors="0" time="0" id="124" name="/src/node_modules/object-inspect/test/indent-option.js" package="indent-option.js" skipped="0" tests="1" timestamp="2025-07-13T17:33:33.378636781"><testcase classname="dependency-check" name="indent-option.js"/></testsuite><testsuite failures="0" errors="0" time="0" id="125" name="/src/node_modules/@apidevtools/openapi-schemas/lib/index.js" package="index.js" skipped="0" tests="1" timestamp="2025-07-13T17:33:33.378636781"><testcase classname="dependency-check" name="index.js"/></testsuite><testsuite failures="0" errors="0" time="0" id="126" name="/src/node_modules/@apidevtools/swagger-methods/lib/index.js" package="index.js" skipped="0" tests="1" timestamp="2025-07-13T17:33:33.378636781"><testcase classname="dependency-check" name="index.js"/></testsuite><testsuite failures="0" errors="0" time="0" id="127" name="/src/node_modules/@apidevtools/swagger-parser/lib/index.js" package="index.js" skipped="0" tests="1" timestamp="2025-07-13T17:33:33.378636781"><testcase classname="dependency-check" name="index.js"/></testsuite><testsuite failures="0" errors="0" time="0" id="128" name="/src/node_modules/accepts/index.js" package="index.js" skipped="0" tests="1" timestamp="2025-07-13T17:33:33.378636781"><testcase classname="dependency-check" name="index.js"/></testsuite><testsuite failures="0" errors="0" time="0" id="129" name="/src/node_modules/balanced-match/index.js" package="index.js" skipped="0" tests="1" timestamp="2025-07-13T17:33:33.378636781"><testcase classname="dependency-check" name="index.js"/></testsuite><testsuite failures="0" errors="0" time="0" id="130" name="/src/node_modules/body-parser/index.js" package="index.js" skipped="0" tests="1" timestamp="2025-07-13T17:33:33.378636781"><testcase classname="dependency-check" name="index.js"/></testsuite><testsuite failures="0" errors="0" time="0" id="131" name="/src/node_modules/brace-expansion/index.js" package="index.js" skipped="0" tests="1" timestamp="2025-07-13T17:33:33.378636781"><testcase classname="dependency-check" name="index.js"/></testsuite><testsuite failures="0" errors="0" time="0" id="132" name="/src/node_modules/bytes/index.js" package="index.js" skipped="0" tests="1" timestamp="2025-07-13T17:33:33.378636781"><testcase classname="dependency-check" name="index.js"/></testsuite><testsuite failures="0" errors="0" time="0" id="133" name="/src/node_modules/commander/index.js" package="index.js" skipped="0" tests="1" timestamp="2025-07-13T17:33:33.378636781"><testcase classname="dependency-check" name="index.js"/></testsuite><testsuite failures="0" errors="0" time="0" id="134" name="/src/node_modules/concat-map/index.js" package="index.js" skipped="0" tests="1" timestamp="2025-07-13T17:33:33.378636781"><testcase classname="dependency-check" name="index.js"/></testsuite><testsuite failures="0" errors="0" time="0" id="135" name="/src/node_modules/content-disposition/index.js" package="index.js" skipped="0" tests="1" timestamp="2025-07-13T17:33:33.378636781"><testcase classname="dependency-check" name="index.js"/></testsuite><testsuite failures="0" errors="0" time="0" id="136" name="/src/node_modules/content-type/index.js" package="index.js" skipped="0" tests="1" timestamp="2025-07-13T17:33:33.378636781"><testcase classname="dependency-check" name="index.js"/></testsuite><testsuite failures="0" errors="0" time="0" id="137" name="/src/node_modules/cookie-signature/index.js" package="index.js" skipped="0" tests="1" timestamp="2025-07-13T17:33:33.378636781"><testcase classname="dependency-check" name="index.js"/></testsuite><testsuite failures="0" errors="0" time="0" id="138" name="/src/node_modules/cookie/index.js" package="index.js" skipped="0" tests="1" timestamp="2025-07-13T17:33:33.378636781"><testcase classname="dependency-check" name="index.js"/></testsuite><testsuite failures="0" errors="0" time="0" id="139" name="/src/node_modules/define-data-property/index.js" package="index.js" skipped="0" tests="1" timestamp="2025-07-13T17:33:33.378636781"><testcase classname="dependency-check" name="index.js"/></testsuite><testsuite failures="0" errors="0" time="0" id="140" name="/src/node_modules/define-data-property/test/index.js" package="index.js" skipped="0" tests="1" timestamp="2025-07-13T17:33:33.378636781"><testcase classname="dependency-check" name="index.js"/></testsuite><testsuite failures="0" errors="0" time="0" id="141" name="/src/node_modules/depd/index.js" package="index.js" skipped="0" tests="1" timestamp="2025-07-13T17:33:33.378636781"><testcase classname="dependency-check" name="index.js"/></testsuite><testsuite failures="0" errors="0" time="0" id="142" name="/src/node_modules/depd/lib/browser/index.js" package="index.js" skipped="0" tests="1" timestamp="2025-07-13T17:33:33.378636781"><testcase classname="dependency-check" name="index.js"/></testsuite><testsuite failures="0" errors="0" time="0" id="143" name="/src/node_modules/destroy/index.js" package="index.js" skipped="0" tests="1" timestamp="2025-07-13T17:33:33.378636781"><testcase classname="dependency-check" name="index.js"/></testsuite><testsuite failures="0" errors="0" time="0" id="144" name="/src/node_modules/ee-first/index.js" package="index.js" skipped="0" tests="1" timestamp="2025-07-13T17:33:33.378636781"><testcase classname="dependency-check" name="index.js"/></testsuite><testsuite failures="0" errors="0" time="0" id="145" name="/src/node_modules/encodeurl/index.js" package="index.js" skipped="0" tests="1" timestamp="2025-07-13T17:33:33.378636781"><testcase classname="dependency-check" name="index.js"/></testsuite><testsuite failures="0" errors="0" time="0" id="146" name="/src/node_modules/es-define-property/index.js" package="index.js" skipped="0" tests="1" timestamp="2025-07-13T17:33:33.378636781"><testcase classname="dependency-check" name="index.js"/></testsuite><testsuite failures="0" errors="0" time="0" id="147" name="/src/node_modules/es-define-property/test/index.js" package="index.js" skipped="0" tests="1" timestamp="2025-07-13T17:33:33.378636781"><testcase classname="dependency-check" name="index.js"/></testsuite><testsuite failures="0" errors="0" time="0" id="148" name="/src/node_modules/es-errors/index.js" package="index.js" skipped="0" tests="1" timestamp="2025-07-13T17:33:33.378636781"><testcase classname="dependency-check" name="index.js"/></testsuite><testsuite failures="0" errors="0" time="0" id="149" name="/src/node_modules/es-errors/test/index.js" package="index.js" skipped="0" tests="1" timestamp="2025-07-13T17:33:33.378636781"><testcase classname="dependency-check" name="index.js"/></testsuite><testsuite failures="0" errors="0" time="0" id="150" name="/src/node_modules/escape-html/index.js" package="index.js" skipped="0" tests="1" timestamp="2025-07-13T17:33:33.378636781"><testcase classname="dependency-check" name="index.js"/></testsuite><testsuite failures="0" errors="0" time="0" id="151" name="/src/node_modules/etag/index.js" package="index.js" skipped="0" tests="1" timestamp="2025-07-13T17:33:33.378636781"><testcase classname="dependency-check" name="index.js"/></testsuite><testsuite failures="0" errors="0" time="0" id="152" name="/src/node_modules/express/index.js" package="index.js" skipped="0" tests="1" timestamp="2025-07-13T17:33:33.378636781"><testcase classname="dependency-check" name="index.js"/></testsuite><testsuite failures="0" errors="0" time="0" id="153" name="/src/node_modules/express/lib/router/index.js" package="index.js" skipped="0" tests="1" timestamp="2025-07-13T17:33:33.378636781"><testcase classname="dependency-check" name="index.js"/></testsuite><testsuite failures="0" errors="0" time="0" id="154" name="/src/node_modules/finalhandler/index.js" package="index.js" skipped="0" tests="1" timestamp="2025-07-13T17:33:33.378636781"><testcase classname="dependency-check" name="index.js"/></testsuite><testsuite failures="0" errors="0" time="0" id="155" name="/src/node_modules/forwarded/index.js" package="index.js" skipped="0" tests="1" timestamp="2025-07-13T17:33:33.378636781"><testcase classname="dependency-check" name="index.js"/></testsuite><testsuite failures="0" errors="0" time="0" id="156" name="/src/node_modules/fresh/index.js" package="index.js" skipped="0" tests="1" timestamp="2025-07-13T17:33:33.378636781"><testcase classname="dependency-check" name="index.js"/></testsuite><testsuite failures="0" errors="0" time="0" id="157" name="/src/node_modules/fs.realpath/index.js" package="index.js" skipped="0" tests="1" timestamp="2025-07-13T17:33:33.378636781"><testcase classname="dependency-check" name="index.js"/></testsuite><testsuite failures="0" errors="0" time="0" id="158" name="/src/node_modules/get-intrinsic/index.js" package="index.js" skipped="0" tests="1" timestamp="2025-07-13T17:33:33.378636781"><testcase classname="dependency-check" name="index.js"/></testsuite><testsuite failures="0" errors="0" time="0" id="159" name="/src/node_modules/gopd/index.js" package="index.js" skipped="0" tests="1" timestamp="2025-07-13T17:33:33.378636781"><testcase classname="dependency-check" name="index.js"/></testsuite><testsuite failures="0" errors="0" time="0" id="160" name="/src/node_modules/has-property-descriptors/index.js" package="index.js" skipped="0" tests="1" timestamp="2025-07-13T17:33:33.378636781"><testcase classname="dependency-check" name="index.js"/></testsuite><testsuite failures="0" errors="0" time="0" id="161" name="/src/node_modules/has-proto/index.js" package="index.js" skipped="0" tests="1" timestamp="2025-07-13T17:33:33.378636781"><testcase classname="dependency-check" name="index.js"/></testsuite><testsuite failures="0" errors="0" time="0" id="162" name="/src/node_modules/has-proto/test/index.js" package="index.js" skipped="0" tests="1" timestamp="2025-07-13T17:33:33.378636781"><testcase classname="dependency-check" name="index.js"/></testsuite><testsuite failures="0" errors="0" time="0" id="163" name="/src/node_modules/has-symbols/index.js" package="index.js" skipped="0" tests="1" timestamp="2025-07-13T17:33:33.378636781"><testcase classname="dependency-check" name="index.js"/></testsuite><testsuite failures="0" errors="0" time="0" id="164" name="/src/node_modules/has-symbols/test/index.js" package="index.js" skipped="0" tests="1" timestamp="2025-07-13T17:33:33.378636781"><testcase classname="dependency-check" name="index.js"/></testsuite><testsuite failures="0" errors="0" time="0" id="165" name="/src/node_modules/hasown/index.js" package="index.js" skipped="0" tests="1" timestamp="2025-07-13T17:33:33.378636781"><testcase classname="dependency-check" name="index.js"/></testsuite><testsuite failures="0" errors="0" time="0" id="166" name="/src/node_modules/http-errors/index.js" package="index.js" skipped="0" tests="1" timestamp="2025-07-13T17:33:33.378636781"><testcase classname="dependency-check" name="index.js"/></testsuite><testsuite failures="0" errors="0" time="0" id="167" name="/src/node_modules/lodash.get/index.js" package="index.js" skipped="0" tests="1" timestamp="2025-07-13T17:33:33.378636781"><testcase classname="dependency-check" name="index.js"/></testsuite><testsuite failures="0" errors="0" time="0" id="168" name="/src/node_modules/lodash.isequal/index.js" package="index.js" skipped="0" tests="1" timestamp="2025-07-13T17:33:33.378636781"><testcase classname="dependency-check" name="index.js"/></testsuite><testsuite failures="0" errors="0" time="0" id="169" name="/src/node_modules/lodash.mergewith/index.js" package="index.js" skipped="0" tests="1" timestamp="2025-07-13T17:33:33.378636781"><testcase classname="dependency-check" name="index.js"/></testsuite><testsuite failures="0" errors="0" time="0" id="170" name="/src/node_modules/media-typer/index.js" package="index.js" skipped="0" tests="1" timestamp="2025-07-13T17:33:33.378636781"><testcase classname="dependency-check" name="index.js"/></testsuite><testsuite failures="0" errors="0" time="0" id="171" name="/src/node_modules/merge-descriptors/index.js" package="index.js" skipped="0" tests="1" timestamp="2025-07-13T17:33:33.378636781"><testcase classname="dependency-check" name="index.js"/></testsuite><testsuite failures="0" errors="0" time="0" id="172" name="/src/node_modules/methods/index.js" package="index.js" skipped="0" tests="1" timestamp="2025-07-13T17:33:33.378636781"><testcase classname="dependency-check" name="index.js"/></testsuite><testsuite failures="0" errors="0" time="0" id="173" name="/src/node_modules/mime-db/index.js" package="index.js" skipped="0" tests="1" timestamp="2025-07-13T17:33:33.378636781"><testcase classname="dependency-check" name="index.js"/></testsuite><testsuite failures="0" errors="0" time="0" id="174" name="/src/node_modules/mime-types/index.js" package="index.js" skipped="0" tests="1" timestamp="2025-07-13T17:33:33.378636781"><testcase classname="dependency-check" name="index.js"/></testsuite><testsuite failures="0" errors="0" time="0" id="175" name="/src/node_modules/ms/index.js" package="index.js" skipped="0" tests="1" timestamp="2025-07-13T17:33:33.378636781"><testcase classname="dependency-check" name="index.js"/></testsuite><testsuite failures="0" errors="0" time="0" id="176" name="/src/node_modules/negotiator/index.js" package="index.js" skipped="0" tests="1" timestamp="2025-07-13T17:33:33.378636781"><testcase classname="dependency-check" name="index.js"/></testsuite><testsuite failures="0" errors="0" time="0" id="177" name="/src/node_modules/object-inspect/index.js" package="index.js" skipped="0" tests="1" timestamp="2025-07-13T17:33:33.378636781"><testcase classname="dependency-check" name="index.js"/></testsuite><testsuite failures="0" errors="0" time="0" id="178" name="/src/node_modules/on-finished/index.js" package="index.js" skipped="0" tests="1" timestamp="2025-07-13T17:33:33.378636781"><testcase classname="dependency-check" name="index.js"/></testsuite><testsuite failures="0" errors="0" time="0" id="179" name="/src/node_modules/openapi-types/dist/index.js" package="index.js" skipped="0" tests="1" timestamp="2025-07-13T17:33:33.378636781"><testcase classname="dependency-check" name="index.js"/></testsuite><testsuite failures="0" errors="0" time="0" id="180" name="/src/node_modules/parseurl/index.js" package="index.js" skipped="0" tests="1" timestamp="2025-07-13T17:33:33.378636781"><testcase classname="dependency-check" name="index.js"/></testsuite><testsuite failures="0" errors="0" time="0" id="181" name="/src/node_modules/path-is-absolute/index.js" package="index.js" skipped="0" tests="1" timestamp="2025-07-13T17:33:33.378636781"><testcase classname="dependency-check" name="index.js"/></testsuite><testsuite failures="0" errors="0" time="0" id="182" name="/src/node_modules/path-to-regexp/index.js" package="index.js" skipped="0" tests="1" timestamp="2025-07-13T17:33:33.378636781"><testcase classname="dependency-check" name="index.js"/></testsuite><testsuite failures="0" errors="0" time="0" id="183" name="/src/node_modules/proxy-addr/index.js" package="index.js" skipped="0" tests="1" timestamp="2025-07-13T17:33:33.378636781"><testcase classname="dependency-check" name="index.js"/></testsuite><testsuite failures="0" errors="0" time="0" id="184" name="/src/node_modules/range-parser/index.js" package="index.js" skipped="0" tests="1" timestamp="2025-07-13T17:33:33.378636781"><testcase classname="dependency-check" name="index.js"/></testsuite><testsuite failures="0" errors="0" time="0" id="185" name="/src/node_modules/raw-body/index.js" package="index.js" skipped="0" tests="1" timestamp="2025-07-13T17:33:33.378636781"><testcase classname="dependency-check" name="index.js"/></testsuite><testsuite failures="0" errors="0" time="0" id="186" name="/src/node_modules/safe-buffer/index.js" package="index.js" skipped="0" tests="1" timestamp="2025-07-13T17:33:33.378636781"><testcase classname="dependency-check" name="index.js"/></testsuite><testsuite failures="0" errors="0" time="0" id="187" name="/src/node_modules/send/index.js" package="index.js" skipped="0" tests="1" timestamp="2025-07-13T17:33:33.378636781"><testcase classname="dependency-check" name="index.js"/></testsuite><testsuite failures="0" errors="0" time="0" id="188" name="/src/node_modules/send/node_modules/encodeurl/index.js" package="index.js" skipped="0" tests="1" timestamp="2025-07-13T17:33:33.378636781"><testcase classname="dependency-check" name="index.js"/></testsuite><testsuite failures="0" errors="0" time="0" id="189" name="/src/node_modules/send/node_modules/ms/index.js" package="index.js" skipped="0" tests="1" timestamp="2025-07-13T17:33:33.378636781"><testcase classname="dependency-check" name="index.js"/></testsuite><testsuite failures="0" errors="0" time="0" id="190" name="/src/node_modules/serve-static/index.js" package="index.js" skipped="0" tests="1" timestamp="2025-07-13T17:33:33.378636781"><testcase classname="dependency-check" name="index.js"/></testsuite><testsuite failures="0" errors="0" time="0" id="191" name="/src/node_modules/set-function-length/index.js" package="index.js" skipped="0" tests="1" timestamp="2025-07-13T17:33:33.378636781"><testcase classname="dependency-check" name="index.js"/></testsuite><testsuite failures="0" errors="0" time="0" id="192" name="/src/node_modules/setprototypeof/index.js" package="index.js" skipped="0" tests="1" timestamp="2025-07-13T17:33:33.378636781"><testcase classname="dependency-check" name="index.js"/></testsuite><testsuite failures="0" errors="0" time="0" id="193" name="/src/node_modules/side-channel/index.js" package="index.js" skipped="0" tests="1" timestamp="2025-07-13T17:33:33.378636781"><testcase classname="dependency-check" name="index.js"/></testsuite><testsuite failures="0" errors="0" time="0" id="194" name="/src/node_modules/statuses/index.js" package="index.js" skipped="0" tests="1" timestamp="2025-07-13T17:33:33.378636781"><testcase classname="dependency-check" name="index.js"/></testsuite><testsuite failures="0" errors="0" time="0" id="195" name="/src/node_modules/swagger-parser/index.js" package="index.js" skipped="0" tests="1" timestamp="2025-07-13T17:33:33.378636781"><testcase classname="dependency-check" name="index.js"/></testsuite><testsuite failures="0" errors="0" time="0" id="196" name="/src/node_modules/swagger-ui-express/index.js" package="index.js" skipped="0" tests="1" timestamp="2025-07-13T17:33:33.378636781"><testcase classname="dependency-check" name="index.js"/></testsuite><testsuite failures="0" errors="0" time="0" id="197" name="/src/node_modules/toidentifier/index.js" package="index.js" skipped="0" tests="1" timestamp="2025-07-13T17:33:33.378636781"><testcase classname="dependency-check" name="index.js"/></testsuite><testsuite failures="0" errors="0" time="0" id="198" name="/src/node_modules/type-is/index.js" package="index.js" skipped="0" tests="1" timestamp="2025-07-13T17:33:33.378636781"><testcase classname="dependency-check" name="index.js"/></testsuite><testsuite failures="0" errors="0" time="0" id="199" name="/src/node_modules/unpipe/index.js" package="index.js" skipped="0" tests="1" timestamp="2025-07-13T17:33:33.378636781"><testcase classname="dependency-check" name="index.js"/></testsuite><testsuite failures="0" errors="0" time="0" id="200" name="/src/node_modules/utils-merge/index.js" package="index.js" skipped="0" tests="1" timestamp="2025-07-13T17:33:33.378636781"><testcase classname="dependency-check" name="index.js"/></testsuite><testsuite failures="0" errors="0" time="0" id="201" name="/src/node_modules/vary/index.js" package="index.js" skipped="0" tests="1" timestamp="2025-07-13T17:33:33.378636781"><testcase classname="dependency-check" name="index.js"/></testsuite><testsuite failures="0" errors="0" time="0" id="202" name="/src/node_modules/yaml/browser/dist/index.js" package="index.js" skipped="0" tests="1" timestamp="2025-07-13T17:33:33.378636781"><testcase classname="dependency-check" name="index.js"/></testsuite><testsuite failures="0" errors="0" time="0" id="203" name="/src/node_modules/inflight/inflight.js" package="inflight.js" skipped="0" tests="1" timestamp="2025-07-13T17:33:33.378636781"><testcase classname="dependency-check" name="inflight.js"/></testsuite><testsuite failures="0" errors="0" time="0" id="204" name="/src/package-lock.json?/inflight:1.0.6" package="inflight:1.0.6" skipped="0" tests="1" timestamp="2025-07-13T17:33:33.378636781"><testcase classname="dependency-check" name="inflight:1.0.6"/></testsuite><testsuite failures="0" errors="0" time="0" id="205" name="/src/node_modules/inherits/inherits.js" package="inherits.js" skipped="0" tests="1" timestamp="2025-07-13T17:33:33.378636781"><testcase classname="dependency-check" name="inherits.js"/></testsuite><testsuite failures="0" errors="0" time="0" id="206" name="/src/package-lock.json?/inherits:2.0.4" package="inherits:2.0.4" skipped="0" tests="1" timestamp="2025-07-13T17:33:33.378636781"><testcase classname="dependency-check" name="inherits:2.0.4"/></testsuite><testsuite failures="0" errors="0" time="0" id="207" name="/src/node_modules/inherits/inherits_browser.js" package="inherits_browser.js" skipped="0" tests="1" timestamp="2025-07-13T17:33:33.378636781"><testcase classname="dependency-check" name="inherits_browser.js"/></testsuite><testsuite failures="0" errors="0" time="0" id="208" name="/src/node_modules/express/lib/middleware/init.js" package="init.js" skipped="0" tests="1" timestamp="2025-07-13T17:33:33.378636781"><testcase classname="dependency-check" name="init.js"/></testsuite><testsuite failures="0" errors="0" time="0" id="209" name="/src/node_modules/object-inspect/example/inspect.js" package="inspect.js" skipped="0" tests="1" timestamp="2025-07-13T17:33:33.378636781"><testcase classname="dependency-check" name="inspect.js"/></testsuite><testsuite failures="0" errors="0" time="0" id="210" name="/src/package-lock.json?proxy-addr:2.0.7/ipaddr.js:1.9.1" package="ipaddr.js:1.9.1" skipped="0" tests="1" timestamp="2025-07-13T17:33:33.378636781"><testcase classname="dependency-check" name="ipaddr.js:1.9.1"/></testsuite><testsuite failures="0" errors="0" time="0" id="211" name="/src/node_modules/ipaddr.js/ipaddr.min.js" package="ipaddr.min.js" skipped="0" tests="1" timestamp="2025-07-13T17:33:33.378636781"><testcase classname="dependency-check" name="ipaddr.min.js"/></testsuite><testsuite failures="0" errors="0" time="0" id="212" name="/src/package-lock.json?/js-yaml:4.1.0" package="js-yaml:4.1.0" skipped="0" tests="1" timestamp="2025-07-13T17:33:33.378636781"><testcase classname="dependency-check" name="js-yaml:4.1.0"/></testsuite><testsuite failures="0" errors="0" time="0" id="213" name="/src/node_modules/@apidevtools/openapi-schemas/lib/json-schema.js" package="json-schema.js" skipped="0" tests="1" timestamp="2025-07-13T17:33:33.378636781"><testcase classname="dependency-check" name="json-schema.js"/></testsuite><testsuite failures="0" errors="0" time="0" id="214" name="/src/node_modules/body-parser/lib/types/json.js" package="json.js" skipped="0" tests="1" timestamp="2025-07-13T17:33:33.378636781"><testcase classname="dependency-check" name="json.js"/></testsuite><testsuite failures="0" errors="0" time="0" id="215" name="/src/node_modules/esutils/lib/keyword.js" package="keyword.js" skipped="0" tests="1" timestamp="2025-07-13T17:33:33.378636781"><testcase classname="dependency-check" name="keyword.js"/></testsuite><testsuite failures="0" errors="0" time="0" id="216" name="/src/node_modules/negotiator/lib/language.js" package="language.js" skipped="0" tests="1" timestamp="2025-07-13T17:33:33.378636781"><testcase classname="dependency-check" name="language.js"/></testsuite><testsuite failures="0" errors="0" time="0" id="217" name="/src/node_modules/express/lib/router/layer.js" package="layer.js" skipped="0" tests="1" timestamp="2025-07-13T17:33:33.378636781"><testcase classname="dependency-check" name="layer.js"/></testsuite><testsuite failures="0" errors="0" time="0" id="218" name="/src/package-lock.json?z-schema:5.0.5/lodash.get:^4.4.2" package="lodash.get:4.4.2" skipped="0" tests="1" timestamp="2025-07-13T17:33:33.378636781"><testcase classname="dependency-check" name="lodash.get:4.4.2"/></testsuite><testsuite failures="0" errors="0" time="0" id="219" name="/src/package-lock.json?z-schema:5.0.5/lodash.isequal:^4.5.0" package="lodash.isequal:4.5.0" skipped="0" tests="1" timestamp="2025-07-13T17:33:33.378636781"><testcase classname="dependency-check" name="lodash.isequal:4.5.0"/></testsuite><testsuite failures="0" errors="0" time="0" id="220" name="/src/package-lock.json?swagger-jsdoc:6.2.8/lodash.mergewith:^4.6.2" package="lodash.mergewith:4.6.2" skipped="0" tests="1" timestamp="2025-07-13T17:33:33.378636781"><testcase classname="dependency-check" name="lodash.mergewith:4.6.2"/></testsuite><testsuite failures="0" errors="0" time="0" id="221" name="/src/node_modules/concat-map/example/map.js" package="map.js" skipped="0" tests="1" timestamp="2025-07-13T17:33:33.378636781"><testcase classname="dependency-check" name="map.js"/></testsuite><testsuite failures="0" errors="0" time="0" id="222" name="/src/node_modules/concat-map/test/map.js" package="map.js" skipped="0" tests="1" timestamp="2025-07-13T17:33:33.378636781"><testcase classname="dependency-check" name="map.js"/></testsuite><testsuite failures="0" errors="0" time="0" id="223" name="/src/node_modules/call-me-maybe/src/maybe.js" package="maybe.js" skipped="0" tests="1" timestamp="2025-07-13T17:33:33.378636781"><testcase classname="dependency-check" name="maybe.js"/></testsuite><testsuite failures="0" errors="0" time="0" id="224" name="/src/package-lock.json?type-is:1.6.18/media-typer:0.3.0" package="media-typer:0.3.0" skipped="0" tests="1" timestamp="2025-07-13T17:33:33.378636781"><testcase classname="dependency-check" name="media-typer:0.3.0"/></testsuite><testsuite failures="0" errors="0" time="0" id="225" name="/src/node_modules/negotiator/lib/mediaType.js" package="mediaType.js" skipped="0" tests="1" timestamp="2025-07-13T17:33:33.378636781"><testcase classname="dependency-check" name="mediaType.js"/></testsuite><testsuite failures="0" errors="0" time="0" id="226" name="/src/package-lock.json?/merge-descriptors:1.0.3" package="merge-descriptors:1.0.3" skipped="0" tests="1" timestamp="2025-07-13T17:33:33.378636781"><testcase classname="dependency-check" name="merge-descriptors:1.0.3"/></testsuite><testsuite failures="0" errors="0" time="0" id="227" name="/src/package-lock.json?/methods:1.1.2" package="methods:1.1.2" skipped="0" tests="1" timestamp="2025-07-13T17:33:33.378636781"><testcase classname="dependency-check" name="methods:1.1.2"/></testsuite><testsuite failures="0" errors="0" time="0" id="228" name="/src/package-lock.json?mime-types:2.1.35/mime-db:1.52.0" package="mime-db:1.52.0" skipped="0" tests="1" timestamp="2025-07-13T17:33:33.378636781"><testcase classname="dependency-check" name="mime-db:1.52.0"/></testsuite><testsuite failures="0" errors="0" time="0" id="229" name="/src/package-lock.json?type-is:1.6.18/mime-types:~2.1.24" package="mime-types:2.1.35" skipped="0" tests="1" timestamp="2025-07-13T17:33:33.378636781"><testcase classname="dependency-check" name="mime-types:2.1.35"/></testsuite><testsuite failures="0" errors="0" time="0" id="230" name="/src/node_modules/mime/mime.js" package="mime.js" skipped="0" tests="1" timestamp="2025-07-13T17:33:33.378636781"><testcase classname="dependency-check" name="mime.js"/></testsuite><testsuite failures="0" errors="0" time="0" id="231" name="/src/package-lock.json?send:0.19.0/mime:1.6.0" package="mime:1.6.0" skipped="0" tests="1" timestamp="2025-07-13T17:33:33.378636781"><testcase classname="dependency-check" name="mime:1.6.0"/></testsuite><testsuite failures="0" errors="0" time="0" id="232" name="/src/node_modules/minimatch/minimatch.js" package="minimatch.js" skipped="0" tests="1" timestamp="2025-07-13T17:33:33.378636781"><testcase classname="dependency-check" name="minimatch.js"/></testsuite><testsuite failures="0" errors="0" time="0" id="233" name="/src/package-lock.json?/minimatch:3.1.2" package="minimatch:3.1.2" skipped="0" tests="1" timestamp="2025-07-13T17:33:33.378636781"><testcase classname="dependency-check" name="minimatch:3.1.2"/></testsuite><testsuite failures="0" errors="0" time="0" id="234" name="/src/package-lock.json?/ms:2.0.0" package="ms:2.0.0" skipped="0" tests="1" timestamp="2025-07-13T17:33:33.378636781"><testcase classname="dependency-check" name="ms:2.0.0"/></testsuite><testsuite failures="0" errors="0" time="0" id="235" name="/src/package-lock.json?/ms:2.1.3" package="ms:2.1.3" skipped="0" tests="1" timestamp="2025-07-13T17:33:33.378636781"><testcase classname="dependency-check" name="ms:2.1.3"/></testsuite><testsuite failures="0" errors="0" time="0" id="236" name="/src/node_modules/has-proto/mutator.js" package="mutator.js" skipped="0" tests="1" timestamp="2025-07-13T17:33:33.378636781"><testcase classname="dependency-check" name="mutator.js"/></testsuite><testsuite failures="0" errors="0" time="0" id="237" name="/src/node_modules/has-proto/test/mutator.js" package="mutator.js" skipped="0" tests="1" timestamp="2025-07-13T17:33:33.378636781"><testcase classname="dependency-check" name="mutator.js"/></testsuite><testsuite failures="0" errors="0" time="0" id="238" name="/src/package-lock.json?/negotiator:0.6.3" package="negotiator:0.6.3" skipped="0" tests="1" timestamp="2025-07-13T17:33:33.378636781"><testcase classname="dependency-check" name="negotiator:0.6.3"/></testsuite><testsuite failures="0" errors="0" time="0" id="239" name="/src/node_modules/call-me-maybe/src/next.js" package="next.js" skipped="0" tests="1" timestamp="2025-07-13T17:33:33.378636781"><testcase classname="dependency-check" name="next.js"/></testsuite><testsuite failures="0" errors="0" time="0" id="240" name="/src/package-lock.json?side-channel:1.0.6/object-inspect:^1.13.1" package="object-inspect:1.13.3" skipped="0" tests="1" timestamp="2025-07-13T17:33:33.378636781"><testcase classname="dependency-check" name="object-inspect:1.13.3"/></testsuite><testsuite failures="0" errors="0" time="0" id="241" name="/src/node_modules/fs.realpath/old.js" package="old.js" skipped="0" tests="1" timestamp="2025-07-13T17:33:33.378636781"><testcase classname="dependency-check" name="old.js"/></testsuite><testsuite failures="0" errors="0" time="0" id="242" name="/src/package-lock.json?send:0.19.0/on-finished:2.4.1" package="on-finished:2.4.1" skipped="0" tests="1" timestamp="2025-07-13T17:33:33.378636781"><testcase classname="dependency-check" name="on-finished:2.4.1"/></testsuite><testsuite failures="0" errors="0" time="0" id="243" name="/src/node_modules/once/once.js" package="once.js" skipped="0" tests="1" timestamp="2025-07-13T17:33:33.378636781"><testcase classname="dependency-check" name="once.js"/></testsuite><testsuite failures="0" errors="0" time="0" id="244" name="/src/package-lock.json?/once:1.4.0" package="once:1.4.0" skipped="0" tests="1" timestamp="2025-07-13T17:33:33.378636781"><testcase classname="dependency-check" name="once:1.4.0"/></testsuite><testsuite failures="0" errors="0" time="0" id="245" name="/src/package-lock.json?/openapi-types:12.1.3" package="openapi-types:12.1.3" skipped="0" tests="1" timestamp="2025-07-13T17:33:33.378636781"><testcase classname="dependency-check" name="openapi-types:12.1.3"/></testsuite><testsuite failures="0" errors="0" time="0" id="246" name="/src/node_modules/@apidevtools/swagger-parser/lib/options.js" package="options.js" skipped="0" tests="1" timestamp="2025-07-13T17:33:33.378636781"><testcase classname="dependency-check" name="options.js"/></testsuite><testsuite failures="0" errors="0" time="0" id="247" name="/src/package-lock.json?serve-static:1.16.2/parseurl:~1.3.3" package="parseurl:1.3.3" skipped="0" tests="1" timestamp="2025-07-13T17:33:33.378636781"><testcase classname="dependency-check" name="parseurl:1.3.3"/></testsuite><testsuite failures="0" errors="0" time="0" id="248" name="/src/package-lock.json?/path-is-absolute:1.0.1" package="path-is-absolute:1.0.1" skipped="0" tests="1" timestamp="2025-07-13T17:33:33.378636781"><testcase classname="dependency-check" name="path-is-absolute:1.0.1"/></testsuite><testsuite failures="2" errors="0" time="0" id="249" name="/src/package-lock.json?/path-to-regexp:0.1.10" package="path-to-regexp:0.1.10" skipped="0" tests="2" timestamp="2025-07-13T17:33:33.378636781"><testcase classname="CVE-2024-52798" name="pkg:npm/path-to-regexp@0.1.10"><failure message="cvssV2: HIGH, score: 8.699999809265137 (CVSS:4.0/AV:N/AC:L/AT:N/PR:N/UI:N/VC:N/VI:N/VA:H/SC:N/SI:N/SA:N)"/><system-out>path-to-regexp turns path strings into a regular expressions. In certain cases, path-to-regexp will output a regular expression that can be exploited to cause poor performance. The regular expression that is vulnerable to backtracking can be generated in the 0.1.x release of path-to-regexp. Upgrade to 0.1.12. This vulnerability exists because of an incomplete fix for CVE-2024-45296.</system-out><system-err>location: /src/package-lock.json?/path-to-regexp:0.1.10, project-references: [ digital-library:1.0.0/express:4.21.1, digital-library:1.0.0 ]</system-err></testcase><testcase classname="GHSA-rhx6-c78j-4q9w" name="pkg:npm/path-to-regexp@0.1.10"><failure message="cvssV3: HIGH, score: 7.5 (CVSS:3.1/AV:N/AC:L/PR:N/UI:N/S:U/C:N/I:N/A:H)"/><system-out>### Impact

The regular expression that is vulnerable to backtracking can be generated in versions before 0.1.12 of `path-to-regexp`, originally reported in CVE-2024-45296

### Patches

Upgrade to 0.1.12.

### Workarounds

Avoid using two parameters within a single path segment, when the separator is not `.` (e.g. no `/:a-:b`). Alternatively, you can define the regex used for both parameters and ensure they do not overlap to allow backtracking.

### References

- https://github.com/advisories/GHSA-9wv6-86v2-598j
- https://blakeembrey.com/posts/2024-09-web-redos/</system-out><system-err>location: /src/package-lock.json?/path-to-regexp:0.1.10, project-references: [ digital-library:1.0.0/express:4.21.1, digital-library:1.0.0 ]</system-err></testcase></testsuite><testsuite failures="0" errors="0" time="0" id="250" name="/src/package-lock.json?/proxy-addr:2.0.7" package="proxy-addr:2.0.7" skipped="0" tests="1" timestamp="2025-07-13T17:33:33.378636781"><testcase classname="dependency-check" name="proxy-addr:2.0.7"/></testsuite><testsuite failures="0" errors="0" time="0" id="251" name="/src/package-lock.json?/qs:6.13.0" package="qs:6.13.0" skipped="0" tests="1" timestamp="2025-07-13T17:33:33.378636781"><testcase classname="dependency-check" name="qs:6.13.0"/></testsuite><testsuite failures="0" errors="0" time="0" id="252" name="/src/node_modules/express/lib/middleware/query.js" package="query.js" skipped="0" tests="1" timestamp="2025-07-13T17:33:33.378636781"><testcase classname="dependency-check" name="query.js"/></testsuite><testsuite failures="0" errors="0" time="0" id="253" name="/src/package-lock.json?send:0.19.0/range-parser:~1.2.1" package="range-parser:1.2.1" skipped="0" tests="1" timestamp="2025-07-13T17:33:33.378636781"><testcase classname="dependency-check" name="range-parser:1.2.1"/></testsuite><testsuite failures="0" errors="0" time="0" id="254" name="/src/package-lock.json?/raw-body:2.5.2" package="raw-body:2.5.2" skipped="0" tests="1" timestamp="2025-07-13T17:33:33.378636781"><testcase classname="dependency-check" name="raw-body:2.5.2"/></testsuite><testsuite failures="0" errors="0" time="0" id="255" name="/src/node_modules/body-parser/lib/types/raw.js" package="raw.js" skipped="0" tests="1" timestamp="2025-07-13T17:33:33.378636781"><testcase classname="dependency-check" name="raw.js"/></testsuite><testsuite failures="0" errors="0" time="0" id="256" name="/src/node_modules/body-parser/lib/read.js" package="read.js" skipped="0" tests="1" timestamp="2025-07-13T17:33:33.378636781"><testcase classname="dependency-check" name="read.js"/></testsuite><testsuite failures="0" errors="0" time="0" id="257" name="/src/package-lock.json?/reflect-metadata:0.2.2" package="reflect-metadata:0.2.2" skipped="0" tests="1" timestamp="2025-07-13T17:33:33.378636781"><testcase classname="dependency-check" name="reflect-metadata:0.2.2"/></testsuite><testsuite failures="0" errors="0" time="0" id="258" name="/src/node_modules/@scarf/scarf/report.js" package="report.js" skipped="0" tests="1" timestamp="2025-07-13T17:33:33.378636781"><testcase classname="dependency-check" name="report.js"/></testsuite><testsuite failures="0" errors="0" time="0" id="259" name="/src/package-lock.json?/safe-buffer:5.2.1" package="safe-buffer:5.2.1" skipped="0" tests="1" timestamp="2025-07-13T17:33:33.378636781"><testcase classname="dependency-check" name="safe-buffer:5.2.1"/></testsuite><testsuite failures="0" errors="0" time="0" id="260" name="/src/package-lock.json?/safer-buffer:2.1.2" package="safer-buffer:2.1.2" skipped="0" tests="1" timestamp="2025-07-13T17:33:33.378636781"><testcase classname="dependency-check" name="safer-buffer:2.1.2"/></testsuite><testsuite failures="0" errors="0" time="0" id="261" name="/src/node_modules/@apidevtools/swagger-parser/lib/validators/schema.js" package="schema.js" skipped="0" tests="1" timestamp="2025-07-13T17:33:33.378636781"><testcase classname="dependency-check" name="schema.js"/></testsuite><testsuite failures="0" errors="0" time="0" id="262" name="/src/package-lock.json?serve-static:1.16.2/send:0.19.0" package="send:0.19.0" skipped="0" tests="1" timestamp="2025-07-13T17:33:33.378636781"><testcase classname="dependency-check" name="send:0.19.0"/></testsuite><testsuite failures="0" errors="0" time="0" id="263" name="/src/package-lock.json?/serve-static:1.16.2" package="serve-static:1.16.2" skipped="0" tests="1" timestamp="2025-07-13T17:33:33.378636781"><testcase classname="dependency-check" name="serve-static:1.16.2"/></testsuite><testsuite failures="0" errors="0" time="0" id="264" name="/src/package-lock.json?/set-function-length:1.2.2" package="set-function-length:1.2.2" skipped="0" tests="1" timestamp="2025-07-13T17:33:33.378636781"><testcase classname="dependency-check" name="set-function-length:1.2.2"/></testsuite><testsuite failures="0" errors="0" time="0" id="265" name="/src/node_modules/has-proto/helpers/setDunder.js" package="setDunder.js" skipped="0" tests="1" timestamp="2025-07-13T17:33:33.378636781"><testcase classname="dependency-check" name="setDunder.js"/></testsuite><testsuite failures="0" errors="0" time="0" id="266" name="/src/package-lock.json?/setprototypeof:1.2.0" package="setprototypeof:1.2.0" skipped="0" tests="1" timestamp="2025-07-13T17:33:33.378636781"><testcase classname="dependency-check" name="setprototypeof:1.2.0"/></testsuite><testsuite failures="0" errors="0" time="0" id="267" name="/src/node_modules/has-symbols/shams.js" package="shams.js" skipped="0" tests="1" timestamp="2025-07-13T17:33:33.378636781"><testcase classname="dependency-check" name="shams.js"/></testsuite><testsuite failures="0" errors="0" time="0" id="268" name="/src/package-lock.json?/side-channel:1.0.6" package="side-channel:1.0.6" skipped="0" tests="1" timestamp="2025-07-13T17:33:33.378636781"><testcase classname="dependency-check" name="side-channel:1.0.6"/></testsuite><testsuite failures="0" errors="0" time="0" id="269" name="/src/node_modules/@apidevtools/swagger-parser/lib/validators/spec.js" package="spec.js" skipped="0" tests="1" timestamp="2025-07-13T17:33:33.378636781"><testcase classname="dependency-check" name="spec.js"/></testsuite><testsuite failures="0" errors="0" time="0" id="270" name="/src/package-lock.json?/statuses:2.0.1" package="statuses:2.0.1" skipped="0" tests="1" timestamp="2025-07-13T17:33:33.378636781"><testcase classname="dependency-check" name="statuses:2.0.1"/></testsuite><testsuite failures="0" errors="0" time="0" id="271" name="/src/package-lock.json?/swagger-jsdoc:6.2.8" package="swagger-jsdoc:6.2.8" skipped="0" tests="1" timestamp="2025-07-13T17:33:33.378636781"><testcase classname="dependency-check" name="swagger-jsdoc:6.2.8"/></testsuite><testsuite failures="0" errors="0" time="0" id="272" name="/src/package-lock.json?/swagger-parser:10.0.3" package="swagger-parser:10.0.3" skipped="0" tests="1" timestamp="2025-07-13T17:33:33.378636781"><testcase classname="dependency-check" name="swagger-parser:10.0.3"/></testsuite><testsuite failures="0" errors="0" time="0" id="273" name="/src/package-lock.json?swagger-ui-express:5.0.1/swagger-ui-dist:&gt;=5.0.0" package="swagger-ui-dist:5.18.2" skipped="0" tests="1" timestamp="2025-07-13T17:33:33.378636781"><testcase classname="dependency-check" name="swagger-ui-dist:5.18.2"/></testsuite><testsuite failures="0" errors="0" time="0" id="274" name="/src/package-lock.json?/swagger-ui-express:5.0.1" package="swagger-ui-express:5.0.1" skipped="0" tests="1" timestamp="2025-07-13T17:33:33.378636781"><testcase classname="dependency-check" name="swagger-ui-express:5.0.1"/></testsuite><testsuite failures="0" errors="0" time="0" id="275" name="/src/node_modules/glob/sync.js" package="sync.js" skipped="0" tests="1" timestamp="2025-07-13T17:33:33.378636781"><testcase classname="dependency-check" name="sync.js"/></testsuite><testsuite failures="0" errors="0" time="0" id="276" name="/src/node_modules/has-symbols/test/tests.js" package="tests.js" skipped="0" tests="1" timestamp="2025-07-13T17:33:33.378636781"><testcase classname="dependency-check" name="tests.js"/></testsuite><testsuite failures="0" errors="0" time="0" id="277" name="/src/node_modules/body-parser/lib/types/text.js" package="text.js" skipped="0" tests="1" timestamp="2025-07-13T17:33:33.378636781"><testcase classname="dependency-check" name="text.js"/></testsuite><testsuite failures="0" errors="0" time="0" id="278" name="/src/package-lock.json?/toidentifier:1.0.1" package="toidentifier:1.0.1" skipped="0" tests="1" timestamp="2025-07-13T17:33:33.378636781"><testcase classname="dependency-check" name="toidentifier:1.0.1"/></testsuite><testsuite failures="0" errors="0" time="0" id="279" name="/src/package-lock.json?/type-is:1.6.18" package="type-is:1.6.18" skipped="0" tests="1" timestamp="2025-07-13T17:33:33.378636781"><testcase classname="dependency-check" name="type-is:1.6.18"/></testsuite><testsuite failures="0" errors="0" time="0" id="280" name="/src/node_modules/doctrine/lib/typed.js" package="typed.js" skipped="0" tests="1" timestamp="2025-07-13T17:33:33.378636781"><testcase classname="dependency-check" name="typed.js"/></testsuite><testsuite failures="0" errors="0" time="0" id="281" name="/src/package-lock.json?/typescript:5.7.2" package="typescript:5.7.2" skipped="0" tests="1" timestamp="2025-07-13T17:33:33.378636781"><testcase classname="dependency-check" name="typescript:5.7.2"/></testsuite><testsuite failures="0" errors="0" time="0" id="282" name="/src/package-lock.json?/undici-types:6.20.0" package="undici-types:6.20.0" skipped="0" tests="1" timestamp="2025-07-13T17:33:33.378636781"><testcase classname="dependency-check" name="undici-types:6.20.0"/></testsuite><testsuite failures="0" errors="0" time="0" id="283" name="/src/package-lock.json?/unpipe:1.0.0" package="unpipe:1.0.0" skipped="0" tests="1" timestamp="2025-07-13T17:33:33.378636781"><testcase classname="dependency-check" name="unpipe:1.0.0"/></testsuite><testsuite failures="0" errors="0" time="0" id="284" name="/src/node_modules/body-parser/lib/types/urlencoded.js" package="urlencoded.js" skipped="0" tests="1" timestamp="2025-07-13T17:33:33.378636781"><testcase classname="dependency-check" name="urlencoded.js"/></testsuite><testsuite failures="0" errors="0" time="0" id="285" name="/src/node_modules/@apidevtools/swagger-parser/lib/util.js" package="util.js" skipped="0" tests="1" timestamp="2025-07-13T17:33:33.378636781"><testcase classname="dependency-check" name="util.js"/></testsuite><testsuite failures="0" errors="0" time="0" id="286" name="/src/node_modules/doctrine/lib/utility.js" package="utility.js" skipped="0" tests="1" timestamp="2025-07-13T17:33:33.378636781"><testcase classname="dependency-check" name="utility.js"/></testsuite><testsuite failures="0" errors="0" time="0" id="287" name="/src/package-lock.json?/utils-merge:1.0.1" package="utils-merge:1.0.1" skipped="0" tests="1" timestamp="2025-07-13T17:33:33.378636781"><testcase classname="dependency-check" name="utils-merge:1.0.1"/></testsuite><testsuite failures="0" errors="0" time="0" id="288" name="/src/node_modules/esutils/lib/utils.js" package="utils.js" skipped="0" tests="1" timestamp="2025-07-13T17:33:33.378636781"><testcase classname="dependency-check" name="utils.js"/></testsuite><testsuite failures="0" errors="0" time="0" id="289" name="/src/package-lock.json?z-schema:5.0.5/validator:^13.7.0" package="validator:13.12.0" skipped="0" tests="1" timestamp="2025-07-13T17:33:33.378636781"><testcase classname="dependency-check" name="validator:13.12.0"/></testsuite><testsuite failures="0" errors="0" time="0" id="290" name="/src/package-lock.json?/vary:1.1.2" package="vary:1.1.2" skipped="0" tests="1" timestamp="2025-07-13T17:33:33.378636781"><testcase classname="dependency-check" name="vary:1.1.2"/></testsuite><testsuite failures="0" errors="0" time="0" id="291" name="/src/node_modules/wrappy/wrappy.js" package="wrappy.js" skipped="0" tests="1" timestamp="2025-07-13T17:33:33.378636781"><testcase classname="dependency-check" name="wrappy.js"/></testsuite><testsuite failures="0" errors="0" time="0" id="292" name="/src/package-lock.json?/wrappy:1.0.2" package="wrappy:1.0.2" skipped="0" tests="1" timestamp="2025-07-13T17:33:33.378636781"><testcase classname="dependency-check" name="wrappy:1.0.2"/></testsuite><testsuite failures="0" errors="0" time="0" id="293" name="/src/package-lock.json?/yaml:2.0.0-1" package="yaml:2.0.0-1" skipped="0" tests="1" timestamp="2025-07-13T17:33:33.378636781"><testcase classname="dependency-check" name="yaml:2.0.0-1"/></testsuite><testsuite failures="0" errors="0" time="0" id="294" name="/src/package-lock.json?/z-schema:5.0.5" package="z-schema:5.0.5" skipped="0" tests="1" timestamp="2025-07-13T17:33:33.378636781"><testcase classname="dependency-check" name="z-schema:5.0.5"/></testsuite></testsuites>